     7>D:\projects\misis2023f-23-check\misis2024s-23-04-mironov-a-e\prj.codeforces\1926b.cpp(1,9): error C1083: Cannot open include file: 'bits/stdc++.h': No such file or directory [D:\projects\misis2023f-23-check\misis2024s-23-04-mironov-a-e\build.check\prj.codeforces\1926b.vcxproj]
     9>D:\projects\misis2023f-23-check\misis2024s-23-04-mironov-a-e\prj.codeforces\1931d.cpp(1,9): error C1083: Cannot open include file: 'bits/stdc++.h': No such file or directory [D:\projects\misis2023f-23-check\misis2024s-23-04-mironov-a-e\build.check\prj.codeforces\1931d.vcxproj]
    16>D:\projects\misis2023f-23-check\misis2024s-23-04-mironov-a-e\prj.codeforces\1928a.cpp(1,10): error C1083: Cannot open include file: 'bits/stdc++.h': No such file or directory [D:\projects\misis2023f-23-check\misis2024s-23-04-mironov-a-e\build.check\prj.codeforces\1928a.vcxproj]
    17>D:\projects\misis2023f-23-check\misis2024s-23-04-mironov-a-e\prj.codeforces\1929b.cpp(1,9): error C1083: Cannot open include file: 'bits/stdc++.h': No such file or directory [D:\projects\misis2023f-23-check\misis2024s-23-04-mironov-a-e\build.check\prj.codeforces\1929b.vcxproj]
    19>D:\projects\misis2023f-23-check\misis2024s-23-04-mironov-a-e\prj.codeforces\1935a.cpp(1,9): error C1083: Cannot open include file: 'bits/stdc++.h': No such file or directory [D:\projects\misis2023f-23-check\misis2024s-23-04-mironov-a-e\build.check\prj.codeforces\1935a.vcxproj]
    20>D:\projects\misis2023f-23-check\misis2024s-23-04-mironov-a-e\prj.codeforces\1937a.cpp(1,9): error C1083: Cannot open include file: 'bits/stdc++.h': No such file or directory [D:\projects\misis2023f-23-check\misis2024s-23-04-mironov-a-e\build.check\prj.codeforces\1937a.vcxproj]
    22>D:\projects\misis2023f-23-check\misis2024s-23-04-mironov-a-e\prj.codeforces\1941c.cpp(1,9): error C1083: Cannot open include file: 'bits/stdc++.h': No such file or directory [D:\projects\misis2023f-23-check\misis2024s-23-04-mironov-a-e\build.check\prj.codeforces\1941c.vcxproj]
    21>D:\projects\misis2023f-23-check\misis2024s-23-04-mironov-a-e\prj.codeforces\1941a.cpp(1,9): error C1083: Cannot open include file: 'bits/stdc++.h': No such file or directory [D:\projects\misis2023f-23-check\misis2024s-23-04-mironov-a-e\build.check\prj.codeforces\1941a.vcxproj]
    23>D:\projects\misis2023f-23-check\misis2024s-23-04-mironov-a-e\prj.codeforces\1942a.cpp(1,10): error C1083: Cannot open include file: 'bits/stdc++.h': No such file or directory [D:\projects\misis2023f-23-check\misis2024s-23-04-mironov-a-e\build.check\prj.codeforces\1942a.vcxproj]
    24>D:\projects\misis2023f-23-check\misis2024s-23-04-mironov-a-e\prj.codeforces\1942b.cpp(1,9): error C1083: Cannot open include file: 'bits/stdc++.h': No such file or directory [D:\projects\misis2023f-23-check\misis2024s-23-04-mironov-a-e\build.check\prj.codeforces\1942b.vcxproj]
    25>D:\projects\misis2023f-23-check\misis2024s-23-04-mironov-a-e\prj.codeforces\1944a.cpp(1,9): error C1083: Cannot open include file: 'bits/stdc++.h': No such file or directory [D:\projects\misis2023f-23-check\misis2024s-23-04-mironov-a-e\build.check\prj.codeforces\1944a.vcxproj]
    26>D:\projects\misis2023f-23-check\misis2024s-23-04-mironov-a-e\prj.codeforces\1945a.cpp(1,11): error C1083: Cannot open include file: 'bits/stdc++.h': No such file or directory [D:\projects\misis2023f-23-check\misis2024s-23-04-mironov-a-e\build.check\prj.codeforces\1945a.vcxproj]
    27>D:\projects\misis2023f-23-check\misis2024s-23-04-mironov-a-e\prj.codeforces\1946a.cpp(1,9): error C1083: Cannot open include file: 'bits/stdc++.h': No such file or directory [D:\projects\misis2023f-23-check\misis2024s-23-04-mironov-a-e\build.check\prj.codeforces\1946a.vcxproj]
    30>D:\projects\misis2023f-23-check\misis2024s-23-04-mironov-a-e\prj.codeforces\1950b.cpp(1,9): error C1083: Cannot open include file: 'bits/stdc++.h': No such file or directory [D:\projects\misis2023f-23-check\misis2024s-23-04-mironov-a-e\build.check\prj.codeforces\1950b.vcxproj]
    33>D:\projects\misis2023f-23-check\misis2024s-23-04-mironov-a-e\prj.codeforces\1954c.cpp(1,9): error C1083: Cannot open include file: 'bits/stdc++.h': No such file or directory [D:\projects\misis2023f-23-check\misis2024s-23-04-mironov-a-e\build.check\prj.codeforces\1954c.vcxproj]
     6>D:\projects\misis2023f-23-check\misis2024s-23-04-mironov-a-e\prj.codeforces\1934a.cpp(1,9): error C1083: Cannot open include file: 'bits/stdc++.h': No such file or directory [D:\projects\misis2023f-23-check\misis2024s-23-04-mironov-a-e\build.check\prj.codeforces\1934a.vcxproj]
    36>D:\projects\misis2023f-23-check\misis2024s-23-04-mironov-a-e\prj.codeforces\1955c.cpp(1,9): error C1083: Cannot open include file: 'bits/stdc++.h': No such file or directory [D:\projects\misis2023f-23-check\misis2024s-23-04-mironov-a-e\build.check\prj.codeforces\1955c.vcxproj]
    35>D:\projects\misis2023f-23-check\misis2024s-23-04-mironov-a-e\prj.codeforces\1955b.cpp(1,9): error C1083: Cannot open include file: 'bits/stdc++.h': No such file or directory [D:\projects\misis2023f-23-check\misis2024s-23-04-mironov-a-e\build.check\prj.codeforces\1955b.vcxproj]
    38>D:\projects\misis2023f-23-check\misis2024s-23-04-mironov-a-e\prj.codeforces\1956b.cpp(1,10): error C1083: Cannot open include file: 'bits/stdc++.h': No such file or directory [D:\projects\misis2023f-23-check\misis2024s-23-04-mironov-a-e\build.check\prj.codeforces\1956b.vcxproj]
    37>D:\projects\misis2023f-23-check\misis2024s-23-04-mironov-a-e\prj.codeforces\1956a.cpp(1,9): error C1083: Cannot open include file: 'bits/stdc++.h': No such file or directory [D:\projects\misis2023f-23-check\misis2024s-23-04-mironov-a-e\build.check\prj.codeforces\1956a.vcxproj]
    14>D:\projects\misis2023f-23-check\misis2024s-23-04-mironov-a-e\prj.codeforces\1927c.cpp(1,9): error C1083: Cannot open include file: 'bits/stdc++.h': No such file or directory [D:\projects\misis2023f-23-check\misis2024s-23-04-mironov-a-e\build.check\prj.codeforces\1927c.vcxproj]
    43>D:\projects\misis2023f-23-check\misis2024s-23-04-mironov-a-e\prj.codeforces\1970a1.cpp(1,10): error C1083: Cannot open include file: 'bits/stdc++.h': No such file or directory [D:\projects\misis2023f-23-check\misis2024s-23-04-mironov-a-e\build.check\prj.codeforces\1970a1.vcxproj]
    44>D:\projects\misis2023f-23-check\misis2024s-23-04-mironov-a-e\prj.codeforces\1971a.cpp(2,9): error C1083: Cannot open include file: 'bits/stdc++.h': No such file or directory [D:\projects\misis2023f-23-check\misis2024s-23-04-mironov-a-e\build.check\prj.codeforces\1971a.vcxproj]
    45>D:\projects\misis2023f-23-check\misis2024s-23-04-mironov-a-e\prj.codeforces\1971b.cpp(1,9): error C1083: Cannot open include file: 'bits/stdc++.h': No such file or directory [D:\projects\misis2023f-23-check\misis2024s-23-04-mironov-a-e\build.check\prj.codeforces\1971b.vcxproj]
    48>D:\projects\misis2023f-23-check\misis2024s-23-04-mironov-a-e\prj.codeforces\1972b.cpp(1,10): error C1083: Cannot open include file: 'bits/stdc++.h': No such file or directory [D:\projects\misis2023f-23-check\misis2024s-23-04-mironov-a-e\build.check\prj.codeforces\1972b.vcxproj]
    49>D:\projects\misis2023f-23-check\misis2024s-23-04-mironov-a-e\prj.codeforces\1973a.cpp(1,9): error C1083: Cannot open include file: 'bits/stdc++.h': No such file or directory [D:\projects\misis2023f-23-check\misis2024s-23-04-mironov-a-e\build.check\prj.codeforces\1973a.vcxproj]
    52>D:\projects\misis2023f-23-check\misis2024s-23-04-mironov-a-e\prj.lab\bitset\bitset.cpp(178,8): error C2084: function 'BitSet operator &(const BitSet &,const BitSet &)' already has a body [D:\projects\misis2023f-23-check\misis2024s-23-04-mironov-a-e\build.check\prj.lab\bitset\bitset.vcxproj]
    52>D:\projects\misis2023f-23-check\misis2024s-23-04-mironov-a-e\prj.lab\bitset\bitset.cpp(184,8): error C2084: function 'BitSet operator |(const BitSet &,const BitSet &)' already has a body [D:\projects\misis2023f-23-check\misis2024s-23-04-mironov-a-e\build.check\prj.lab\bitset\bitset.vcxproj]
    52>D:\projects\misis2023f-23-check\misis2024s-23-04-mironov-a-e\prj.lab\bitset\bitset.cpp(190,8): error C2084: function 'BitSet operator ^(const BitSet &,const BitSet &)' already has a body [D:\projects\misis2023f-23-check\misis2024s-23-04-mironov-a-e\build.check\prj.lab\bitset\bitset.vcxproj]
    52>D:\projects\misis2023f-23-check\misis2024s-23-04-mironov-a-e\prj.lab\bitset\bitset.cpp(196,27): error C2084: function 'BitSet::BiA::operator bool(void) const' already has a body [D:\projects\misis2023f-23-check\misis2024s-23-04-mironov-a-e\build.check\prj.lab\bitset\bitset.vcxproj]
    52>D:\projects\misis2023f-23-check\misis2024s-23-04-mironov-a-e\prj.lab\bitset\bitset.cpp(200,21): error C2084: function 'BitSet::BiA BitSet::operator [](const int32_t)' already has a body [D:\projects\misis2023f-23-check\misis2024s-23-04-mironov-a-e\build.check\prj.lab\bitset\bitset.vcxproj]
